<?xml version="1.0" encoding="UTF-8"?>
<!-- Generated by org.testng.reporters.JUnitReportReporter -->
<testsuite hostname="DESKTOP-2TF16RA" failures="0" tests="1" name="sample.test.DemoTest" time="2.092" errors="0" timestamp="2021-07-25T00:39:50 IST" skipped="0">
  <testcase classname="sample.test.DemoTest" name="sampleTest" time="2.092"/>
  <system-out/>
</testsuite> <!-- sample.test.DemoTest -->
